TN:
SF:/home/christian/Development/tetris/src/tetris.js
FNF:0
FNH:0
DA:1,1
DA:2,1
DA:4,1
DA:6,4
DA:7,1
DA:9,3
DA:10,3
DA:11,3
DA:12,3
DA:13,2
DA:15,1
DA:18,1
LF:12
LH:12
BRDA:6,0,0,1
BRDA:6,0,1,3
BRDA:10,1,0,2
BRDA:10,1,1,1
BRDA:12,2,0,2
BRDA:12,2,1,1
BRF:6
BRH:6
end_of_record
TN:
SF:/home/christian/Development/tetris/src/tetrisBoard.js
FN:5,(anonymous_0)
FN:5,(anonymous_1)
FNF:2
FNH:2
FNDA:7,(anonymous_0)
FNDA:11,(anonymous_1)
DA:1,1
DA:3,5
DA:5,11
DA:8,0
DA:11,0
DA:14,19
DA:17,17
DA:20,0
DA:21,0
DA:22,0
DA:23,0
DA:26,0
LF:12
LH:5
BRDA:22,0,0,0
BRDA:22,0,1,0
BRF:2
BRH:0
end_of_record
TN:
SF:/home/christian/Development/tetris/src/tetrisFigure.js
FN:1,(anonymous_0)
FN:1,(anonymous_1)
FN:5,(anonymous_2)
FN:5,(anonymous_3)
FNF:4
FNH:0
FNDA:0,(anonymous_0)
FNDA:0,(anonymous_1)
FNDA:0,(anonymous_2)
FNDA:0,(anonymous_3)
DA:1,1
DA:3,1
DA:5,0
DA:8,24
DA:11,22
DA:14,0
DA:15,0
DA:16,0
DA:17,0
DA:18,0
DA:20,0
DA:23,0
DA:24,0
DA:25,0
DA:26,0
DA:28,0
LF:16
LH:4
BRF:0
BRH:0
end_of_record
TN:
SF:/home/christian/Development/tetris/src/tetrisMovement.js
FN:29,(anonymous_0)
FNF:1
FNH:1
FNDA:3,(anonymous_0)
DA:1,1
DA:2,1
DA:4,1
DA:6,0
DA:7,0
DA:8,0
DA:10,0
DA:13,0
DA:14,0
DA:15,0
DA:16,0
DA:17,0
DA:21,0
DA:24,2
DA:25,2
DA:26,2
DA:27,2
DA:28,2
DA:29,3
DA:30,2
DA:31,3
DA:32,2
DA:33,4
DA:35,2
DA:38,2
DA:41,2
DA:42,2
DA:43,2
DA:44,2
DA:45,2
DA:46,2
DA:47,3
DA:48,5
DA:49,5
DA:50,5
DA:54,5
DA:58,2
DA:61,2
DA:62,2
DA:65,3
DA:66,3
DA:67,3
DA:68,3
DA:69,3
DA:70,3
DA:71,1
DA:73,3
DA:76,7
DA:77,7
DA:78,7
DA:79,7
DA:80,7
DA:81,7
DA:82,7
DA:83,2
DA:87,5
DA:90,10
DA:91,10
DA:92,10
DA:93,10
DA:94,10
DA:101,4
DA:104,0
DA:107,0
DA:110,5
DA:113,0
DA:116,0
LF:67
LH:53
BRDA:17,0,0,0
BRDA:17,0,1,0
BRDA:17,0,2,0
BRDA:17,0,3,0
BRDA:21,1,0,0
BRDA:21,1,1,0
BRDA:31,2,0,2
BRDA:31,2,1,1
BRDA:50,3,0,5
BRDA:50,3,1,5
BRDA:50,3,2,3
BRDA:50,3,3,3
BRDA:54,4,0,5
BRDA:54,4,1,5
BRDA:54,4,2,2
BRDA:70,5,0,4
BRDA:70,5,1,3
BRDA:82,6,0,2
BRDA:82,6,1,5
BRDA:82,7,0,7
BRDA:82,7,1,7
BRDA:94,8,0,10
BRDA:94,8,1,10
BRDA:94,8,2,10
BRDA:94,8,3,7
BRDA:94,8,4,7
BRF:26
BRH:20
end_of_record
TN:
SF:/home/christian/Development/tetris/src/tetrisTest.js
FN:7,(anonymous_0)
FNF:1
FNH:1
FNDA:4,(anonymous_0)
DA:1,1
DA:2,1
DA:3,1
DA:4,1
DA:5,1
DA:6,1
DA:7,4
DA:8,1
DA:15,1
DA:21,1
DA:24,1
DA:31,1
DA:32,1
DA:34,1
DA:41,1
DA:42,1
DA:44,1
DA:51,1
DA:52,1
DA:54,1
DA:61,1
DA:62,1
LF:22
LH:22
BRF:0
BRH:0
end_of_record
